<?xml version="1.0" encoding="UTF-8"?>
<coverage generated="1530735102640" clover="3.2.0">
  <project timestamp="1530735102640" name="All files">
    <metrics statements="25" coveredstatements="14" conditionals="23" coveredconditionals="11" methods="4" coveredmethods="2" elements="52" coveredelements="27" complexity="0" loc="25" ncloc="25" packages="1" files="1" classes="1">
      <file name="utils.ts" path="/Users/rojo/projects/market/repos/market-api/src/utils.ts">
        <metrics statements="25" coveredstatements="14" conditionals="23" coveredconditionals="11" methods="4" coveredmethods="2"/>
        <line num="1" count="1" type="stmt"/>
        <line num="13" count="1" type="stmt"/>
        <line num="14" count="9" type="stmt"/>
        <line num="25" count="1" type="stmt"/>
        <line num="27" count="12" type="cond" truecount="2" falsecount="0"/>
        <line num="28" count="3" type="stmt"/>
        <line num="32" count="9" type="cond" truecount="4" falsecount="0"/>
        <line num="33" count="2" type="stmt"/>
        <line num="37" count="7" type="cond" truecount="5" falsecount="0"/>
        <line num="38" count="1" type="stmt"/>
        <line num="41" count="6" type="stmt"/>
        <line num="52" count="1" type="stmt"/>
        <line num="53" count="0" type="cond" truecount="0" falsecount="2"/>
        <line num="55" count="0" type="stmt"/>
        <line num="56" count="0" type="cond" truecount="0" falsecount="4"/>
        <line num="58" count="0" type="stmt"/>
        <line num="61" count="0" type="stmt"/>
        <line num="72" count="1" type="stmt"/>
        <line num="74" count="0" type="stmt"/>
        <line num="75" count="0" type="stmt"/>
        <line num="76" count="0" type="stmt"/>
        <line num="78" count="0" type="cond" truecount="0" falsecount="6"/>
        <line num="79" count="0" type="stmt"/>
        <line num="82" count="0" type="stmt"/>
        <line num="85" count="1" type="stmt"/>
      </file>
    </metrics>
  </project>
</coverage>
