{"/Users/rojo/projects/market/repos/market-api/src/constants.ts": {"path":"/Users/rojo/projects/market/repos/market-api/src/constants.ts","statementMap":{"0":{"start":{"line":4,"column":13},"end":{"line":17,"column":2}},"1":{"start":{"line":30,"column":13},"end":{"line":36,"column":2}},"2":{"start":{"line":38,"column":13},"end":{"line":44,"column":2}},"3":{"start":{"line":49,"column":13},"end":{"line":56,"column":2}},"4":{"start":{"line":61,"column":13},"end":{"line":69,"column":2}}},"fnMap":{},"branchMap":{},"s":{"0":1,"1":1,"2":1,"3":1,"4":1},"f":{},"b":{}}
,"/Users/rojo/projects/market/repos/market-api/src/utils.ts": {"path":"/Users/rojo/projects/market/repos/market-api/src/utils.ts","statementMap":{"0":{"start":{"line":1,"column":0},"end":{"line":1,"column":33}},"1":{"start":{"line":13,"column":14},"end":{"line":15,"column":1}},"2":{"start":{"line":14,"column":2},"end":{"line":14,"column":476}},"3":{"start":{"line":85,"column":53},"end":{"line":85,"column":58}},"4":{"start":{"line":25,"column":21},"end":{"line":42,"column":1}},"5":{"start":{"line":27,"column":2},"end":{"line":29,"column":3}},"6":{"start":{"line":28,"column":4},"end":{"line":28,"column":16}},"7":{"start":{"line":32,"column":2},"end":{"line":34,"column":3}},"8":{"start":{"line":33,"column":4},"end":{"line":33,"column":16}},"9":{"start":{"line":37,"column":2},"end":{"line":39,"column":3}},"10":{"start":{"line":38,"column":4},"end":{"line":38,"column":16}},"11":{"start":{"line":41,"column":2},"end":{"line":41,"column":15}},"12":{"start":{"line":85,"column":39},"end":{"line":85,"column":51}},"13":{"start":{"line":52,"column":18},"end":{"line":63,"column":1}},"14":{"start":{"line":53,"column":2},"end":{"line":62,"column":3}},"15":{"start":{"line":55,"column":6},"end":{"line":55,"column":19}},"16":{"start":{"line":56,"column":9},"end":{"line":62,"column":3}},"17":{"start":{"line":58,"column":6},"end":{"line":58,"column":18}},"18":{"start":{"line":61,"column":6},"end":{"line":61,"column":40}},"19":{"start":{"line":85,"column":9},"end":{"line":85,"column":18}},"20":{"start":{"line":72,"column":26},"end":{"line":83,"column":1}},"21":{"start":{"line":74,"column":2},"end":{"line":74,"column":38}},"22":{"start":{"line":75,"column":20},"end":{"line":75,"column":47}},"23":{"start":{"line":76,"column":2},"end":{"line":81,"column":3}},"24":{"start":{"line":78,"column":6},"end":{"line":80,"column":7}},"25":{"start":{"line":79,"column":10},"end":{"line":79,"column":23}},"26":{"start":{"line":82,"column":2},"end":{"line":82,"column":14}},"27":{"start":{"line":85,"column":20},"end":{"line":85,"column":37}}},"fnMap":{"0":{"name":"(anonymous_1)","decl":{"start":{"line":13,"column":14},"end":{"line":13,"column":23}},"loc":{"start":{"line":13,"column":35},"end":{"line":15,"column":1}}},"1":{"name":"(anonymous_2)","decl":{"start":{"line":25,"column":21},"end":{"line":25,"column":30}},"loc":{"start":{"line":25,"column":87},"end":{"line":42,"column":1}}},"2":{"name":"(anonymous_3)","decl":{"start":{"line":52,"column":18},"end":{"line":52,"column":27}},"loc":{"start":{"line":52,"column":43},"end":{"line":63,"column":1}}},"3":{"name":"(anonymous_4)","decl":{"start":{"line":72,"column":26},"end":{"line":72,"column":35}},"loc":{"start":{"line":72,"column":51},"end":{"line":83,"column":1}}}},"branchMap":{"0":{"loc":{"start":{"line":27,"column":2},"end":{"line":29,"column":3}},"type":"if","locations":[{"start":{"line":27,"column":2},"end":{"line":29,"column":3}},{"start":{"line":27,"column":2},"end":{"line":29,"column":3}}]},"1":{"loc":{"start":{"line":32,"column":2},"end":{"line":34,"column":3}},"type":"if","locations":[{"start":{"line":32,"column":2},"end":{"line":34,"column":3}},{"start":{"line":32,"column":2},"end":{"line":34,"column":3}}]},"2":{"loc":{"start":{"line":32,"column":6},"end":{"line":32,"column":9}},"type":"binary-expr","locations":[{"start":{"line":32,"column":6},"end":{"line":32,"column":9}},{"start":{"line":32,"column":13},"end":{"line":32,"column":46}}]},"3":{"loc":{"start":{"line":37,"column":2},"end":{"line":39,"column":3}},"type":"if","locations":[{"start":{"line":37,"column":2},"end":{"line":39,"column":3}},{"start":{"line":37,"column":2},"end":{"line":39,"column":3}}]},"4":{"loc":{"start":{"line":37,"column":6},"end":{"line":37,"column":9}},"type":"binary-expr","locations":[{"start":{"line":37,"column":6},"end":{"line":37,"column":9}},{"start":{"line":37,"column":13},"end":{"line":37,"column":17}},{"start":{"line":37,"column":21},"end":{"line":37,"column":60}}]},"5":{"loc":{"start":{"line":53,"column":2},"end":{"line":62,"column":3}},"type":"if","locations":[{"start":{"line":53,"column":2},"end":{"line":62,"column":3}},{"start":{"line":53,"column":2},"end":{"line":62,"column":3}}]},"6":{"loc":{"start":{"line":56,"column":9},"end":{"line":62,"column":3}},"type":"if","locations":[{"start":{"line":56,"column":9},"end":{"line":62,"column":3}},{"start":{"line":56,"column":9},"end":{"line":62,"column":3}}]},"7":{"loc":{"start":{"line":56,"column":13},"end":{"line":56,"column":48}},"type":"binary-expr","locations":[{"start":{"line":56,"column":13},"end":{"line":56,"column":48}},{"start":{"line":56,"column":52},"end":{"line":56,"column":87}}]},"8":{"loc":{"start":{"line":78,"column":6},"end":{"line":80,"column":7}},"type":"if","locations":[{"start":{"line":78,"column":6},"end":{"line":80,"column":7}},{"start":{"line":78,"column":6},"end":{"line":80,"column":7}}]},"9":{"loc":{"start":{"line":78,"column":11},"end":{"line":78,"column":43}},"type":"binary-expr","locations":[{"start":{"line":78,"column":11},"end":{"line":78,"column":43}},{"start":{"line":78,"column":47},"end":{"line":78,"column":86}},{"start":{"line":78,"column":92},"end":{"line":78,"column":125}},{"start":{"line":78,"column":129},"end":{"line":78,"column":168}}]}},"s":{"0":1,"1":1,"2":1,"3":1,"4":1,"5":2,"6":0,"7":2,"8":0,"9":2,"10":0,"11":2,"12":1,"13":1,"14":0,"15":0,"16":0,"17":0,"18":0,"19":1,"20":1,"21":0,"22":0,"23":0,"24":0,"25":0,"26":0,"27":1},"f":{"0":1,"1":2,"2":0,"3":0},"b":{"0":[0,2],"1":[0,2],"2":[2,2],"3":[0,2],"4":[2,2,2],"5":[0,0],"6":[0,0],"7":[0,0],"8":[0,0],"9":[0,0,0,0]}}
,"/Users/rojo/projects/market/repos/market-api/src/lib/Orders.ts": {"path":"/Users/rojo/projects/market/repos/market-api/src/lib/Orders.ts","statementMap":{"0":{"start":{"line":1,"column":0},"end":{"line":1,"column":23}},"1":{"start":{"line":2,"column":0},"end":{"line":2,"column":40}},"2":{"start":{"line":3,"column":0},"end":{"line":3,"column":49}},"3":{"start":{"line":4,"column":0},"end":{"line":4,"column":31}},"4":{"start":{"line":5,"column":0},"end":{"line":5,"column":74}},"5":{"start":{"line":30,"column":4},"end":{"line":33,"column":6}},"6":{"start":{"line":34,"column":4},"end":{"line":37,"column":6}},"7":{"start":{"line":54,"column":32},"end":{"line":56,"column":5}},"8":{"start":{"line":57,"column":4},"end":{"line":57,"column":47}},"9":{"start":{"line":60,"column":32},"end":{"line":65,"column":5}},"10":{"start":{"line":66,"column":18},"end":{"line":66,"column":40}},"11":{"start":{"line":67,"column":39},"end":{"line":67,"column":65}},"12":{"start":{"line":68,"column":4},"end":{"line":72,"column":5}},"13":{"start":{"line":69,"column":6},"end":{"line":69,"column":43}},"14":{"start":{"line":70,"column":6},"end":{"line":70,"column":67}},"15":{"start":{"line":71,"column":6},"end":{"line":71,"column":34}},"16":{"start":{"line":73,"column":25},"end":{"line":73,"column":74}},"17":{"start":{"line":76,"column":22},"end":{"line":79,"column":5}},"18":{"start":{"line":83,"column":24},"end":{"line":86,"column":5}},"19":{"start":{"line":88,"column":4},"end":{"line":88,"column":75}},"20":{"start":{"line":90,"column":4},"end":{"line":90,"column":32}},"21":{"start":{"line":141,"column":43},"end":{"line":143,"column":5}},"22":{"start":{"line":145,"column":37},"end":{"line":158,"column":5}},"23":{"start":{"line":160,"column":4},"end":{"line":160,"column":23}},"24":{"start":{"line":164,"column":28},"end":{"line":167,"column":5}},"25":{"start":{"line":169,"column":4},"end":{"line":169,"column":27}},"26":{"start":{"line":175,"column":43},"end":{"line":177,"column":5}},"27":{"start":{"line":179,"column":25},"end":{"line":191,"column":5}},"28":{"start":{"line":193,"column":22},"end":{"line":196,"column":5}},"29":{"start":{"line":198,"column":4},"end":{"line":198,"column":21}},"30":{"start":{"line":207,"column":24},"end":{"line":207,"column":72}},"31":{"start":{"line":208,"column":4},"end":{"line":208,"column":54}},"32":{"start":{"line":16,"column":0},"end":{"line":223,"column":1}}},"fnMap":{"0":{"name":"(anonymous_7)","decl":{"start":{"line":29,"column":2},"end":{"line":null,"column":-1}},"loc":{"start":{"line":29,"column":2},"end":{"line":38,"column":3}}},"1":{"name":"(anonymous_8)","decl":{"start":{"line":51,"column":15},"end":{"line":51,"column":23}},"loc":{"start":{"line":51,"column":24},"end":{"line":137,"column":3}}},"2":{"name":"(anonymous_10)","decl":{"start":{"line":139,"column":16},"end":{"line":139,"column":38}},"loc":{"start":{"line":139,"column":81},"end":{"line":161,"column":3}}},"3":{"name":"(anonymous_12)","decl":{"start":{"line":163,"column":16},"end":{"line":163,"column":34}},"loc":{"start":{"line":163,"column":53},"end":{"line":170,"column":3}}},"4":{"name":"(anonymous_14)","decl":{"start":{"line":172,"column":16},"end":{"line":172,"column":36}},"loc":{"start":{"line":172,"column":79},"end":{"line":199,"column":3}}},"5":{"name":"(anonymous_16)","decl":{"start":{"line":206,"column":16},"end":{"line":206,"column":35}},"loc":{"start":{"line":206,"column":58},"end":{"line":209,"column":3}}}},"branchMap":{"0":{"loc":{"start":{"line":68,"column":4},"end":{"line":72,"column":5}},"type":"if","locations":[{"start":{"line":68,"column":4},"end":{"line":72,"column":5}},{"start":{"line":68,"column":4},"end":{"line":72,"column":5}}]}},"s":{"0":1,"1":1,"2":1,"3":1,"4":1,"5":1,"6":1,"7":1,"8":1,"9":1,"10":1,"11":1,"12":1,"13":0,"14":0,"15":0,"16":1,"17":1,"18":1,"19":0,"20":0,"21":1,"22":1,"23":0,"24":0,"25":0,"26":1,"27":1,"28":1,"29":1,"30":1,"31":1,"32":1},"f":{"0":1,"1":1,"2":1,"3":0,"4":1,"5":1},"b":{"0":[0,1]}}
,"/Users/rojo/projects/market/repos/market-api/src/lib/Proxy.ts": {"path":"/Users/rojo/projects/market/repos/market-api/src/lib/Proxy.ts","statementMap":{"0":{"start":{"line":1,"column":0},"end":{"line":1,"column":25}},"1":{"start":{"line":2,"column":0},"end":{"line":2,"column":46}},"2":{"start":{"line":31,"column":4},"end":{"line":31,"column":24}},"3":{"start":{"line":32,"column":4},"end":{"line":32,"column":50}},"4":{"start":{"line":33,"column":4},"end":{"line":36,"column":6}},"5":{"start":{"line":56,"column":17},"end":{"line":56,"column":30}},"6":{"start":{"line":59,"column":4},"end":{"line":61,"column":5}},"7":{"start":{"line":60,"column":6},"end":{"line":60,"column":49}},"8":{"start":{"line":64,"column":4},"end":{"line":145,"column":5}},"9":{"start":{"line":72,"column":31},"end":{"line":72,"column":59}},"10":{"start":{"line":73,"column":8},"end":{"line":77,"column":9}},"11":{"start":{"line":74,"column":10},"end":{"line":74,"column":46}},"12":{"start":{"line":75,"column":10},"end":{"line":75,"column":54}},"13":{"start":{"line":76,"column":10},"end":{"line":76,"column":37}},"14":{"start":{"line":80,"column":28},"end":{"line":80,"column":65}},"15":{"start":{"line":83,"column":20},"end":{"line":83,"column":86}},"16":{"start":{"line":84,"column":8},"end":{"line":88,"column":9}},"17":{"start":{"line":85,"column":10},"end":{"line":85,"column":46}},"18":{"start":{"line":86,"column":10},"end":{"line":86,"column":59}},"19":{"start":{"line":87,"column":10},"end":{"line":87,"column":37}},"20":{"start":{"line":91,"column":8},"end":{"line":97,"column":9}},"21":{"start":{"line":92,"column":10},"end":{"line":92,"column":41}},"22":{"start":{"line":94,"column":10},"end":{"line":94,"column":46}},"23":{"start":{"line":95,"column":10},"end":{"line":95,"column":90}},"24":{"start":{"line":96,"column":10},"end":{"line":96,"column":37}},"25":{"start":{"line":100,"column":8},"end":{"line":102,"column":10}},"26":{"start":{"line":103,"column":8},"end":{"line":103,"column":14}},"27":{"start":{"line":110,"column":28},"end":{"line":110,"column":56}},"28":{"start":{"line":111,"column":8},"end":{"line":115,"column":9}},"29":{"start":{"line":112,"column":10},"end":{"line":112,"column":46}},"30":{"start":{"line":113,"column":10},"end":{"line":113,"column":54}},"31":{"start":{"line":114,"column":10},"end":{"line":114,"column":37}},"32":{"start":{"line":118,"column":8},"end":{"line":122,"column":9}},"33":{"start":{"line":119,"column":10},"end":{"line":119,"column":46}},"34":{"start":{"line":120,"column":10},"end":{"line":120,"column":59}},"35":{"start":{"line":121,"column":10},"end":{"line":121,"column":37}},"36":{"start":{"line":125,"column":8},"end":{"line":131,"column":9}},"37":{"start":{"line":126,"column":10},"end":{"line":126,"column":41}},"38":{"start":{"line":128,"column":10},"end":{"line":128,"column":46}},"39":{"start":{"line":129,"column":10},"end":{"line":129,"column":90}},"40":{"start":{"line":130,"column":10},"end":{"line":130,"column":37}},"41":{"start":{"line":134,"column":8},"end":{"line":136,"column":10}},"42":{"start":{"line":138,"column":8},"end":{"line":138,"column":14}},"43":{"start":{"line":142,"column":8},"end":{"line":142,"column":44}},"44":{"start":{"line":143,"column":8},"end":{"line":143,"column":66}},"45":{"start":{"line":147,"column":4},"end":{"line":149,"column":5}},"46":{"start":{"line":151,"column":4},"end":{"line":151,"column":31}},"47":{"start":{"line":166,"column":17},"end":{"line":166,"column":19}},"48":{"start":{"line":167,"column":4},"end":{"line":169,"column":5}},"49":{"start":{"line":168,"column":6},"end":{"line":168,"column":43}},"50":{"start":{"line":170,"column":4},"end":{"line":170,"column":18}},"51":{"start":{"line":181,"column":22},"end":{"line":181,"column":24}},"52":{"start":{"line":182,"column":4},"end":{"line":189,"column":5}},"53":{"start":{"line":183,"column":6},"end":{"line":188,"column":19}},"54":{"start":{"line":185,"column":10},"end":{"line":185,"column":79}},"55":{"start":{"line":186,"column":10},"end":{"line":186,"column":19}},"56":{"start":{"line":190,"column":4},"end":{"line":190,"column":23}},"57":{"start":{"line":16,"column":0},"end":{"line":193,"column":1}}},"fnMap":{"0":{"name":"(anonymous_7)","decl":{"start":{"line":30,"column":2},"end":{"line":30,"column":13}},"loc":{"start":{"line":30,"column":41},"end":{"line":37,"column":3}}},"1":{"name":"(anonymous_8)","decl":{"start":{"line":52,"column":15},"end":{"line":52,"column":26}},"loc":{"start":{"line":52,"column":27},"end":{"line":152,"column":3}}},"2":{"name":"(anonymous_10)","decl":{"start":{"line":164,"column":10},"end":{"line":164,"column":19}},"loc":{"start":{"line":164,"column":48},"end":{"line":171,"column":3}}},"3":{"name":"(anonymous_11)","decl":{"start":{"line":178,"column":10},"end":{"line":178,"column":28}},"loc":{"start":{"line":178,"column":57},"end":{"line":191,"column":3}}},"4":{"name":"(anonymous_12)","decl":{"start":{"line":184,"column":16},"end":{"line":184,"column":17}},"loc":{"start":{"line":184,"column":43},"end":{"line":187,"column":9}}}},"branchMap":{"0":{"loc":{"start":{"line":59,"column":4},"end":{"line":61,"column":5}},"type":"if","locations":[{"start":{"line":59,"column":4},"end":{"line":61,"column":5}},{"start":{"line":59,"column":4},"end":{"line":61,"column":5}}]},"1":{"loc":{"start":{"line":65,"column":6},"end":{"line":104,"column":7}},"type":"switch","locations":[{"start":{"line":65,"column":6},"end":{"line":104,"column":7}},{"start":{"line":105,"column":6},"end":{"line":139,"column":7}},{"start":{"line":140,"column":6},"end":{"line":144,"column":7}}]},"2":{"loc":{"start":{"line":73,"column":8},"end":{"line":77,"column":9}},"type":"if","locations":[{"start":{"line":73,"column":8},"end":{"line":77,"column":9}},{"start":{"line":73,"column":8},"end":{"line":77,"column":9}}]},"3":{"loc":{"start":{"line":83,"column":63},"end":{"line":83,"column":80}},"type":"cond-expr","locations":[{"start":{"line":83,"column":63},"end":{"line":83,"column":80}},{"start":{"line":83,"column":83},"end":{"line":83,"column":85}}]},"4":{"loc":{"start":{"line":84,"column":8},"end":{"line":88,"column":9}},"type":"if","locations":[{"start":{"line":84,"column":8},"end":{"line":88,"column":9}},{"start":{"line":84,"column":8},"end":{"line":88,"column":9}}]},"5":{"loc":{"start":{"line":101,"column":52},"end":{"line":101,"column":68}},"type":"cond-expr","locations":[{"start":{"line":101,"column":52},"end":{"line":101,"column":68}},{"start":{"line":101,"column":71},"end":{"line":101,"column":73}}]},"6":{"loc":{"start":{"line":111,"column":8},"end":{"line":115,"column":9}},"type":"if","locations":[{"start":{"line":111,"column":8},"end":{"line":115,"column":9}},{"start":{"line":111,"column":8},"end":{"line":115,"column":9}}]},"7":{"loc":{"start":{"line":118,"column":8},"end":{"line":122,"column":9}},"type":"if","locations":[{"start":{"line":118,"column":8},"end":{"line":122,"column":9}},{"start":{"line":118,"column":8},"end":{"line":122,"column":9}}]},"8":{"loc":{"start":{"line":135,"column":52},"end":{"line":135,"column":68}},"type":"cond-expr","locations":[{"start":{"line":135,"column":52},"end":{"line":135,"column":68}},{"start":{"line":135,"column":71},"end":{"line":135,"column":73}}]},"9":{"loc":{"start":{"line":147,"column":4},"end":{"line":149,"column":5}},"type":"if","locations":[{"start":{"line":147,"column":4},"end":{"line":149,"column":5}},{"start":{"line":147,"column":4},"end":{"line":149,"column":5}}]},"10":{"loc":{"start":{"line":167,"column":4},"end":{"line":169,"column":5}},"type":"if","locations":[{"start":{"line":167,"column":4},"end":{"line":169,"column":5}},{"start":{"line":167,"column":4},"end":{"line":169,"column":5}}]},"11":{"loc":{"start":{"line":182,"column":4},"end":{"line":189,"column":5}},"type":"if","locations":[{"start":{"line":182,"column":4},"end":{"line":189,"column":5}},{"start":{"line":182,"column":4},"end":{"line":189,"column":5}}]}},"s":{"0":1,"1":1,"2":1,"3":1,"4":1,"5":1,"6":1,"7":1,"8":1,"9":0,"10":0,"11":0,"12":0,"13":0,"14":0,"15":0,"16":0,"17":0,"18":0,"19":0,"20":0,"21":0,"22":0,"23":0,"24":0,"25":0,"26":0,"27":1,"28":1,"29":0,"30":0,"31":0,"32":1,"33":0,"34":0,"35":0,"36":1,"37":1,"38":0,"39":0,"40":0,"41":1,"42":1,"43":0,"44":0,"45":1,"46":1,"47":1,"48":1,"49":1,"50":1,"51":0,"52":0,"53":0,"54":0,"55":0,"56":0,"57":1},"f":{"0":1,"1":1,"2":1,"3":0,"4":0},"b":{"0":[1,0],"1":[0,1,0],"2":[0,0],"3":[0,0],"4":[0,0],"5":[0,0],"6":[0,1],"7":[0,1],"8":[1,0],"9":[0,1],"10":[1,0],"11":[0,0]}}
}
