{"/Users/rojo/projects/market/repos/market-api/src/utils.ts": {"path":"/Users/rojo/projects/market/repos/market-api/src/utils.ts","statementMap":{"0":{"start":{"line":1,"column":0},"end":{"line":1,"column":33}},"1":{"start":{"line":13,"column":14},"end":{"line":15,"column":1}},"2":{"start":{"line":14,"column":2},"end":{"line":14,"column":476}},"3":{"start":{"line":85,"column":53},"end":{"line":85,"column":58}},"4":{"start":{"line":25,"column":21},"end":{"line":42,"column":1}},"5":{"start":{"line":27,"column":2},"end":{"line":29,"column":3}},"6":{"start":{"line":28,"column":4},"end":{"line":28,"column":16}},"7":{"start":{"line":32,"column":2},"end":{"line":34,"column":3}},"8":{"start":{"line":33,"column":4},"end":{"line":33,"column":16}},"9":{"start":{"line":37,"column":2},"end":{"line":39,"column":3}},"10":{"start":{"line":38,"column":4},"end":{"line":38,"column":16}},"11":{"start":{"line":41,"column":2},"end":{"line":41,"column":15}},"12":{"start":{"line":85,"column":39},"end":{"line":85,"column":51}},"13":{"start":{"line":52,"column":18},"end":{"line":63,"column":1}},"14":{"start":{"line":53,"column":2},"end":{"line":62,"column":3}},"15":{"start":{"line":55,"column":6},"end":{"line":55,"column":19}},"16":{"start":{"line":56,"column":9},"end":{"line":62,"column":3}},"17":{"start":{"line":58,"column":6},"end":{"line":58,"column":18}},"18":{"start":{"line":61,"column":6},"end":{"line":61,"column":40}},"19":{"start":{"line":85,"column":9},"end":{"line":85,"column":18}},"20":{"start":{"line":72,"column":26},"end":{"line":83,"column":1}},"21":{"start":{"line":74,"column":2},"end":{"line":74,"column":38}},"22":{"start":{"line":75,"column":20},"end":{"line":75,"column":47}},"23":{"start":{"line":76,"column":2},"end":{"line":81,"column":3}},"24":{"start":{"line":78,"column":6},"end":{"line":80,"column":7}},"25":{"start":{"line":79,"column":10},"end":{"line":79,"column":23}},"26":{"start":{"line":82,"column":2},"end":{"line":82,"column":14}},"27":{"start":{"line":85,"column":20},"end":{"line":85,"column":37}}},"fnMap":{"0":{"name":"(anonymous_1)","decl":{"start":{"line":13,"column":14},"end":{"line":13,"column":23}},"loc":{"start":{"line":13,"column":35},"end":{"line":15,"column":1}}},"1":{"name":"(anonymous_2)","decl":{"start":{"line":25,"column":21},"end":{"line":25,"column":30}},"loc":{"start":{"line":25,"column":87},"end":{"line":42,"column":1}}},"2":{"name":"(anonymous_3)","decl":{"start":{"line":52,"column":18},"end":{"line":52,"column":27}},"loc":{"start":{"line":52,"column":43},"end":{"line":63,"column":1}}},"3":{"name":"(anonymous_4)","decl":{"start":{"line":72,"column":26},"end":{"line":72,"column":35}},"loc":{"start":{"line":72,"column":51},"end":{"line":83,"column":1}}}},"branchMap":{"0":{"loc":{"start":{"line":27,"column":2},"end":{"line":29,"column":3}},"type":"if","locations":[{"start":{"line":27,"column":2},"end":{"line":29,"column":3}},{"start":{"line":27,"column":2},"end":{"line":29,"column":3}}]},"1":{"loc":{"start":{"line":32,"column":2},"end":{"line":34,"column":3}},"type":"if","locations":[{"start":{"line":32,"column":2},"end":{"line":34,"column":3}},{"start":{"line":32,"column":2},"end":{"line":34,"column":3}}]},"2":{"loc":{"start":{"line":32,"column":6},"end":{"line":32,"column":9}},"type":"binary-expr","locations":[{"start":{"line":32,"column":6},"end":{"line":32,"column":9}},{"start":{"line":32,"column":13},"end":{"line":32,"column":46}}]},"3":{"loc":{"start":{"line":37,"column":2},"end":{"line":39,"column":3}},"type":"if","locations":[{"start":{"line":37,"column":2},"end":{"line":39,"column":3}},{"start":{"line":37,"column":2},"end":{"line":39,"column":3}}]},"4":{"loc":{"start":{"line":37,"column":6},"end":{"line":37,"column":9}},"type":"binary-expr","locations":[{"start":{"line":37,"column":6},"end":{"line":37,"column":9}},{"start":{"line":37,"column":13},"end":{"line":37,"column":17}},{"start":{"line":37,"column":21},"end":{"line":37,"column":60}}]},"5":{"loc":{"start":{"line":53,"column":2},"end":{"line":62,"column":3}},"type":"if","locations":[{"start":{"line":53,"column":2},"end":{"line":62,"column":3}},{"start":{"line":53,"column":2},"end":{"line":62,"column":3}}]},"6":{"loc":{"start":{"line":56,"column":9},"end":{"line":62,"column":3}},"type":"if","locations":[{"start":{"line":56,"column":9},"end":{"line":62,"column":3}},{"start":{"line":56,"column":9},"end":{"line":62,"column":3}}]},"7":{"loc":{"start":{"line":56,"column":13},"end":{"line":56,"column":48}},"type":"binary-expr","locations":[{"start":{"line":56,"column":13},"end":{"line":56,"column":48}},{"start":{"line":56,"column":52},"end":{"line":56,"column":87}}]},"8":{"loc":{"start":{"line":78,"column":6},"end":{"line":80,"column":7}},"type":"if","locations":[{"start":{"line":78,"column":6},"end":{"line":80,"column":7}},{"start":{"line":78,"column":6},"end":{"line":80,"column":7}}]},"9":{"loc":{"start":{"line":78,"column":11},"end":{"line":78,"column":43}},"type":"binary-expr","locations":[{"start":{"line":78,"column":11},"end":{"line":78,"column":43}},{"start":{"line":78,"column":47},"end":{"line":78,"column":86}},{"start":{"line":78,"column":92},"end":{"line":78,"column":125}},{"start":{"line":78,"column":129},"end":{"line":78,"column":168}}]}},"s":{"0":1,"1":1,"2":1,"3":1,"4":1,"5":9,"6":0,"7":9,"8":1,"9":8,"10":2,"11":6,"12":1,"13":1,"14":0,"15":0,"16":0,"17":0,"18":0,"19":1,"20":1,"21":0,"22":0,"23":0,"24":0,"25":0,"26":0,"27":1},"f":{"0":1,"1":9,"2":0,"3":0},"b":{"0":[0,9],"1":[1,8],"2":[9,9],"3":[2,6],"4":[8,8,8],"5":[0,0],"6":[0,0],"7":[0,0],"8":[0,0],"9":[0,0,0,0]}}
,"/Users/rojo/projects/market/repos/market-api/src/lib/Proxy.ts": {"path":"/Users/rojo/projects/market/repos/market-api/src/lib/Proxy.ts","statementMap":{"0":{"start":{"line":1,"column":0},"end":{"line":1,"column":25}},"1":{"start":{"line":2,"column":0},"end":{"line":2,"column":46}},"2":{"start":{"line":32,"column":4},"end":{"line":32,"column":24}},"3":{"start":{"line":33,"column":4},"end":{"line":33,"column":50}},"4":{"start":{"line":34,"column":4},"end":{"line":37,"column":6}},"5":{"start":{"line":57,"column":17},"end":{"line":57,"column":30}},"6":{"start":{"line":60,"column":4},"end":{"line":62,"column":5}},"7":{"start":{"line":61,"column":8},"end":{"line":61,"column":51}},"8":{"start":{"line":65,"column":4},"end":{"line":93,"column":5}},"9":{"start":{"line":70,"column":29},"end":{"line":70,"column":57}},"10":{"start":{"line":71,"column":6},"end":{"line":75,"column":7}},"11":{"start":{"line":72,"column":8},"end":{"line":72,"column":44}},"12":{"start":{"line":73,"column":8},"end":{"line":73,"column":52}},"13":{"start":{"line":74,"column":8},"end":{"line":74,"column":35}},"14":{"start":{"line":78,"column":26},"end":{"line":78,"column":63}},"15":{"start":{"line":81,"column":18},"end":{"line":81,"column":84}},"16":{"start":{"line":82,"column":6},"end":{"line":86,"column":7}},"17":{"start":{"line":83,"column":8},"end":{"line":83,"column":44}},"18":{"start":{"line":84,"column":8},"end":{"line":84,"column":57}},"19":{"start":{"line":85,"column":8},"end":{"line":85,"column":35}},"20":{"start":{"line":87,"column":6},"end":{"line":87,"column":37}},"21":{"start":{"line":88,"column":6},"end":{"line":88,"column":113}},"22":{"start":{"line":91,"column":6},"end":{"line":91,"column":42}},"23":{"start":{"line":92,"column":6},"end":{"line":92,"column":64}},"24":{"start":{"line":95,"column":4},"end":{"line":95,"column":31}},"25":{"start":{"line":110,"column":17},"end":{"line":110,"column":19}},"26":{"start":{"line":111,"column":4},"end":{"line":113,"column":5}},"27":{"start":{"line":112,"column":6},"end":{"line":112,"column":43}},"28":{"start":{"line":114,"column":4},"end":{"line":114,"column":18}},"29":{"start":{"line":125,"column":22},"end":{"line":125,"column":24}},"30":{"start":{"line":126,"column":4},"end":{"line":133,"column":5}},"31":{"start":{"line":127,"column":8},"end":{"line":132,"column":21}},"32":{"start":{"line":129,"column":14},"end":{"line":129,"column":83}},"33":{"start":{"line":130,"column":14},"end":{"line":130,"column":23}},"34":{"start":{"line":134,"column":4},"end":{"line":134,"column":23}},"35":{"start":{"line":17,"column":0},"end":{"line":137,"column":3}}},"fnMap":{"0":{"name":"(anonymous_7)","decl":{"start":{"line":31,"column":2},"end":{"line":31,"column":13}},"loc":{"start":{"line":31,"column":41},"end":{"line":38,"column":3}}},"1":{"name":"(anonymous_8)","decl":{"start":{"line":53,"column":15},"end":{"line":53,"column":26}},"loc":{"start":{"line":53,"column":27},"end":{"line":96,"column":3}}},"2":{"name":"(anonymous_10)","decl":{"start":{"line":108,"column":10},"end":{"line":108,"column":19}},"loc":{"start":{"line":108,"column":48},"end":{"line":115,"column":3}}},"3":{"name":"(anonymous_11)","decl":{"start":{"line":122,"column":10},"end":{"line":122,"column":28}},"loc":{"start":{"line":122,"column":57},"end":{"line":135,"column":3}}},"4":{"name":"(anonymous_12)","decl":{"start":{"line":128,"column":18},"end":{"line":128,"column":19}},"loc":{"start":{"line":128,"column":45},"end":{"line":131,"column":13}}}},"branchMap":{"0":{"loc":{"start":{"line":60,"column":4},"end":{"line":62,"column":5}},"type":"if","locations":[{"start":{"line":60,"column":4},"end":{"line":62,"column":5}},{"start":{"line":60,"column":4},"end":{"line":62,"column":5}}]},"1":{"loc":{"start":{"line":65,"column":4},"end":{"line":93,"column":5}},"type":"if","locations":[{"start":{"line":65,"column":4},"end":{"line":93,"column":5}},{"start":{"line":65,"column":4},"end":{"line":93,"column":5}}]},"2":{"loc":{"start":{"line":71,"column":6},"end":{"line":75,"column":7}},"type":"if","locations":[{"start":{"line":71,"column":6},"end":{"line":75,"column":7}},{"start":{"line":71,"column":6},"end":{"line":75,"column":7}}]},"3":{"loc":{"start":{"line":81,"column":61},"end":{"line":81,"column":78}},"type":"cond-expr","locations":[{"start":{"line":81,"column":61},"end":{"line":81,"column":78}},{"start":{"line":81,"column":81},"end":{"line":81,"column":83}}]},"4":{"loc":{"start":{"line":82,"column":6},"end":{"line":86,"column":7}},"type":"if","locations":[{"start":{"line":82,"column":6},"end":{"line":86,"column":7}},{"start":{"line":82,"column":6},"end":{"line":86,"column":7}}]},"5":{"loc":{"start":{"line":88,"column":90},"end":{"line":88,"column":106}},"type":"cond-expr","locations":[{"start":{"line":88,"column":90},"end":{"line":88,"column":106}},{"start":{"line":88,"column":109},"end":{"line":88,"column":111}}]},"6":{"loc":{"start":{"line":111,"column":4},"end":{"line":113,"column":5}},"type":"if","locations":[{"start":{"line":111,"column":4},"end":{"line":113,"column":5}},{"start":{"line":111,"column":4},"end":{"line":113,"column":5}}]},"7":{"loc":{"start":{"line":126,"column":4},"end":{"line":133,"column":5}},"type":"if","locations":[{"start":{"line":126,"column":4},"end":{"line":133,"column":5}},{"start":{"line":126,"column":4},"end":{"line":133,"column":5}}]}},"s":{"0":1,"1":1,"2":5,"3":5,"4":5,"5":5,"6":5,"7":4,"8":5,"9":3,"10":3,"11":2,"12":2,"13":2,"14":1,"15":1,"16":1,"17":0,"18":0,"19":0,"20":1,"21":1,"22":2,"23":2,"24":3,"25":3,"26":3,"27":2,"28":3,"29":1,"30":1,"31":0,"32":0,"33":0,"34":1,"35":1},"f":{"0":5,"1":5,"2":3,"3":1,"4":0},"b":{"0":[4,1],"1":[3,2],"2":[2,1],"3":[0,1],"4":[0,1],"5":[1,0],"6":[2,1],"7":[0,1]}}
}
