TN:
SF:/Users/rojo/projects/market/repos/market-api/src/constants.ts
FNF:0
FNH:0
DA:4,1
DA:30,1
DA:38,1
DA:49,1
DA:61,1
LF:5
LH:5
BRF:0
BRH:0
end_of_record
TN:
SF:/Users/rojo/projects/market/repos/market-api/src/utils.ts
FN:13,(anonymous_1)
FN:25,(anonymous_2)
FN:52,(anonymous_3)
FN:72,(anonymous_4)
FNF:4
FNH:2
FNDA:1,(anonymous_1)
FNDA:2,(anonymous_2)
FNDA:0,(anonymous_3)
FNDA:0,(anonymous_4)
DA:1,1
DA:13,1
DA:14,1
DA:25,1
DA:27,2
DA:28,0
DA:32,2
DA:33,0
DA:37,2
DA:38,0
DA:41,2
DA:52,1
DA:53,0
DA:55,0
DA:56,0
DA:58,0
DA:61,0
DA:72,1
DA:74,0
DA:75,0
DA:76,0
DA:78,0
DA:79,0
DA:82,0
DA:85,1
LF:25
LH:11
BRDA:27,0,0,0
BRDA:27,0,1,2
BRDA:32,1,0,0
BRDA:32,1,1,2
BRDA:32,2,0,2
BRDA:32,2,1,2
BRDA:37,3,0,0
BRDA:37,3,1,2
BRDA:37,4,0,2
BRDA:37,4,1,2
BRDA:37,4,2,2
BRDA:53,5,0,0
BRDA:53,5,1,0
BRDA:56,6,0,0
BRDA:56,6,1,0
BRDA:56,7,0,0
BRDA:56,7,1,0
BRDA:78,8,0,0
BRDA:78,8,1,0
BRDA:78,9,0,0
BRDA:78,9,1,0
BRDA:78,9,2,0
BRDA:78,9,3,0
BRF:23
BRH:8
end_of_record
TN:
SF:/Users/rojo/projects/market/repos/market-api/src/lib/Orders.ts
FN:29,(anonymous_7)
FN:51,(anonymous_8)
FN:139,(anonymous_10)
FN:163,(anonymous_12)
FN:172,(anonymous_14)
FN:206,(anonymous_16)
FNF:6
FNH:5
FNDA:1,(anonymous_7)
FNDA:1,(anonymous_8)
FNDA:1,(anonymous_10)
FNDA:0,(anonymous_12)
FNDA:1,(anonymous_14)
FNDA:1,(anonymous_16)
DA:1,1
DA:2,1
DA:3,1
DA:4,1
DA:5,1
DA:16,1
DA:30,1
DA:34,1
DA:54,1
DA:57,1
DA:60,1
DA:66,1
DA:67,1
DA:68,1
DA:69,0
DA:70,0
DA:71,0
DA:73,1
DA:76,1
DA:83,1
DA:88,0
DA:90,0
DA:141,1
DA:145,1
DA:160,0
DA:164,0
DA:169,0
DA:175,1
DA:179,1
DA:193,1
DA:198,1
DA:207,1
DA:208,1
LF:33
LH:25
BRDA:68,0,0,0
BRDA:68,0,1,1
BRF:2
BRH:1
end_of_record
TN:
SF:/Users/rojo/projects/market/repos/market-api/src/lib/Proxy.ts
FN:30,(anonymous_7)
FN:52,(anonymous_8)
FN:164,(anonymous_10)
FN:178,(anonymous_11)
FN:184,(anonymous_12)
FNF:5
FNH:3
FNDA:1,(anonymous_7)
FNDA:1,(anonymous_8)
FNDA:1,(anonymous_10)
FNDA:0,(anonymous_11)
FNDA:0,(anonymous_12)
DA:1,1
DA:2,1
DA:16,1
DA:31,1
DA:32,1
DA:33,1
DA:56,1
DA:59,1
DA:60,1
DA:64,1
DA:72,0
DA:73,0
DA:74,0
DA:75,0
DA:76,0
DA:80,0
DA:83,0
DA:84,0
DA:85,0
DA:86,0
DA:87,0
DA:91,0
DA:92,0
DA:94,0
DA:95,0
DA:96,0
DA:100,0
DA:103,0
DA:110,1
DA:111,1
DA:112,0
DA:113,0
DA:114,0
DA:118,1
DA:119,0
DA:120,0
DA:121,0
DA:125,1
DA:126,1
DA:128,0
DA:129,0
DA:130,0
DA:134,1
DA:138,1
DA:142,0
DA:143,0
DA:147,1
DA:151,1
DA:166,1
DA:167,1
DA:168,1
DA:170,1
DA:181,0
DA:182,0
DA:183,0
DA:185,0
DA:186,0
DA:190,0
LF:58
LH:23
BRDA:59,0,0,1
BRDA:59,0,1,0
BRDA:65,1,0,0
BRDA:65,1,1,1
BRDA:65,1,2,0
BRDA:73,2,0,0
BRDA:73,2,1,0
BRDA:83,3,0,0
BRDA:83,3,1,0
BRDA:84,4,0,0
BRDA:84,4,1,0
BRDA:101,5,0,0
BRDA:101,5,1,0
BRDA:111,6,0,0
BRDA:111,6,1,1
BRDA:118,7,0,0
BRDA:118,7,1,1
BRDA:135,8,0,1
BRDA:135,8,1,0
BRDA:147,9,0,0
BRDA:147,9,1,1
BRDA:167,10,0,1
BRDA:167,10,1,0
BRDA:182,11,0,0
BRDA:182,11,1,0
BRF:25
BRH:7
end_of_record
