TN:
SF:/Users/rojo/projects/market/repos/market-api/src/utils.ts
FN:13,(anonymous_1)
FN:25,(anonymous_2)
FN:52,(anonymous_3)
FN:72,(anonymous_4)
FNF:4
FNH:2
FNDA:1,(anonymous_1)
FNDA:9,(anonymous_2)
FNDA:0,(anonymous_3)
FNDA:0,(anonymous_4)
DA:1,1
DA:13,1
DA:14,1
DA:25,1
DA:27,9
DA:28,0
DA:32,9
DA:33,1
DA:37,8
DA:38,2
DA:41,6
DA:52,1
DA:53,0
DA:55,0
DA:56,0
DA:58,0
DA:61,0
DA:72,1
DA:74,0
DA:75,0
DA:76,0
DA:78,0
DA:79,0
DA:82,0
DA:85,1
LF:25
LH:13
BRDA:27,0,0,0
BRDA:27,0,1,9
BRDA:32,1,0,1
BRDA:32,1,1,8
BRDA:32,2,0,9
BRDA:32,2,1,9
BRDA:37,3,0,2
BRDA:37,3,1,6
BRDA:37,4,0,8
BRDA:37,4,1,8
BRDA:37,4,2,8
BRDA:53,5,0,0
BRDA:53,5,1,0
BRDA:56,6,0,0
BRDA:56,6,1,0
BRDA:56,7,0,0
BRDA:56,7,1,0
BRDA:78,8,0,0
BRDA:78,8,1,0
BRDA:78,9,0,0
BRDA:78,9,1,0
BRDA:78,9,2,0
BRDA:78,9,3,0
BRF:23
BRH:10
end_of_record
TN:
SF:/Users/rojo/projects/market/repos/market-api/src/lib/Proxy.ts
FN:31,(anonymous_7)
FN:53,(anonymous_8)
FN:108,(anonymous_10)
FN:122,(anonymous_11)
FN:128,(anonymous_12)
FNF:5
FNH:4
FNDA:5,(anonymous_7)
FNDA:5,(anonymous_8)
FNDA:3,(anonymous_10)
FNDA:1,(anonymous_11)
FNDA:0,(anonymous_12)
DA:1,1
DA:2,1
DA:17,1
DA:32,5
DA:33,5
DA:34,5
DA:57,5
DA:60,5
DA:61,4
DA:65,5
DA:70,3
DA:71,3
DA:72,2
DA:73,2
DA:74,2
DA:78,1
DA:81,1
DA:82,1
DA:83,0
DA:84,0
DA:85,0
DA:87,1
DA:88,1
DA:91,2
DA:92,2
DA:95,3
DA:110,3
DA:111,3
DA:112,2
DA:114,3
DA:125,1
DA:126,1
DA:127,0
DA:129,0
DA:130,0
DA:134,1
LF:36
LH:30
BRDA:60,0,0,4
BRDA:60,0,1,1
BRDA:65,1,0,3
BRDA:65,1,1,2
BRDA:71,2,0,2
BRDA:71,2,1,1
BRDA:81,3,0,0
BRDA:81,3,1,1
BRDA:82,4,0,0
BRDA:82,4,1,1
BRDA:88,5,0,1
BRDA:88,5,1,0
BRDA:111,6,0,2
BRDA:111,6,1,1
BRDA:126,7,0,0
BRDA:126,7,1,1
BRF:16
BRH:12
end_of_record
